\BOOKMARK [1][-]{section.1}{\376\377\006\176\006\047\006\063\006\056\000\040\006\063\006\110\006\047\006\104\000\040\006\047\006\110\006\104}{}% 1
\BOOKMARK [2][-]{subsection.1.1}{\376\377\006\257\006\047\006\105\000\040\006\047\006\110\006\104}{section.1}% 2
\BOOKMARK [3][-]{subsubsection.1.1.1}{\376\377\006\064\006\050\006\107\040\014\006\251\006\057\000\040\006\047\006\110\006\104\000\040\000\050\006\176\006\047\006\314\006\052\006\110\006\106\000\051}{subsection.1.1}% 3
\BOOKMARK [3][-]{subsubsection.1.1.2}{\376\377\006\064\006\050\006\107\040\014\006\251\006\057\000\040\006\047\006\110\006\104\000\040\000\050\000C\000+\000+\000\051}{subsection.1.1}% 4
\BOOKMARK [3][-]{subsubsection.1.1.3}{\376\377\006\064\006\050\006\107\040\014\006\251\006\057\000\040\006\057\006\110\006\105\000\040\000\050\000C\000+\000+\000\051}{subsection.1.1}% 5
\BOOKMARK [2][-]{subsection.1.2}{\376\377\006\257\006\047\006\105\000\040\006\057\006\110\006\105}{section.1}% 6
\BOOKMARK [3][-]{subsubsection.1.2.1}{\376\377\006\064\006\050\006\107\040\014\006\251\006\057\000\040\006\047\006\110\006\104\000\040\000\050\000P\000y\000t\000h\000o\000n\000\051}{subsection.1.2}% 7
\BOOKMARK [3][-]{subsubsection.1.2.2}{\376\377\006\064\006\050\006\107\040\014\006\251\006\057\000\040\006\047\006\110\006\104\000\040\000\050\000C\000+\000+\000\051}{subsection.1.2}% 8
\BOOKMARK [3][-]{subsubsection.1.2.3}{\376\377\006\064\006\050\006\107\040\014\006\251\006\057\000\040\006\057\006\110\006\105\000\040\000\050\000C\000+\000+\000\051}{subsection.1.2}% 9
\BOOKMARK [2][-]{subsection.1.3}{\376\377\006\257\006\047\006\105\000\040\006\063\006\110\006\105}{section.1}% 10
\BOOKMARK [3][-]{subsubsection.1.3.1}{\376\377\006\064\006\050\006\314\006\107\040\014\006\063\006\047\006\062\006\314\000\040\006\064\006\050\006\107\040\014\006\251\006\057\000\040\006\047\006\110\006\104}{subsection.1.3}% 11
\BOOKMARK [3][-]{subsubsection.1.3.2}{\376\377\006\064\006\050\006\314\006\107\040\014\006\063\006\047\006\062\006\314\000\040\006\064\006\050\006\107\040\014\006\251\006\057\000\040\006\057\006\110\006\105}{subsection.1.3}% 12
\BOOKMARK [2][-]{subsection.1.4}{\376\377\006\257\006\047\006\105\000\040\006\206\006\107\006\047\006\061\006\105}{section.1}% 13
\BOOKMARK [3][-]{subsubsection.1.4.1}{\376\377\006\064\006\050\006\107\040\014\006\251\006\057\000\040\006\047\006\110\006\104}{subsection.1.4}% 14
\BOOKMARK [3][-]{subsubsection.1.4.2}{\376\377\006\064\006\050\006\107\040\014\006\251\006\057\000\040\006\057\006\110\006\105}{subsection.1.4}% 15
\BOOKMARK [2][-]{subsection.1.5}{\376\377\006\257\006\047\006\105\000\040\006\176\006\106\006\054\006\105}{section.1}% 16
\BOOKMARK [1][-]{section.2}{\376\377\006\176\006\047\006\063\006\056\000\040\006\063\006\110\006\047\006\104\000\040\006\057\006\110\006\105}{}% 17
\BOOKMARK [2][-]{subsection.2.1}{\376\377\006\257\006\047\006\105\000\040\006\047\006\110\006\104}{section.2}% 18
\BOOKMARK [2][-]{subsection.2.2}{\376\377\006\257\006\047\006\105\000\040\006\057\006\110\006\105}{section.2}% 19
\BOOKMARK [1][-]{section.3}{\376\377\006\176\006\047\006\063\006\056\000\040\006\063\006\110\006\047\006\104\000\040\006\063\006\110\006\105}{}% 20
